<?xml version="1.0" encoding="UTF-8"?>
<!-- Generated by org.testng.reporters.JUnitReportReporter -->
<testsuite hostname="DESKTOP-ULK1TSQ" failures="0" tests="2" name="wingifyAssignment.TestValidLogIn" time="21.731" errors="0" timestamp="2023-01-17T17:06:25 IST" skipped="0">
  <testcase classname="wingifyAssignment.TestValidLogIn" name="testCase2" time="13.217"/>
  <system-out>
    <![CDATA[- 320.00 USD
- 244.00 USD
+ 17.99 USD
+ 340.00 USD
+ 952.23 USD
+ 1,250.00 USD
test case2 passed!!]]>
  </system-out>
  <testcase classname="wingifyAssignment.TestValidLogIn" name="testCase1" time="8.514"/>
  <system-out>
    <![CDATA[valid Login test is passed!!!]]>
  </system-out>
</testsuite> <!-- wingifyAssignment.TestValidLogIn -->
